
ROM used:   36338/65536 (55%)
            36338/65536 (55%) including unused fragments

            4.1 Average locations per line
            11.1 Average locations per statement

RAM used:   749/3896 (19%) at main() level
            967/3896 (25%) worst case

Stack used: 8 worst case (6 in main + 2 for interrupts)
Stack size: 31

Lines Stmts  %   Files
----- ----- ---  -----
 3298  2559  78  3ph_digi_starter.c
  989     0   0  ..\Program Files (x86)\PICC\Devices\18F26K22.h
 1351   359  11  ..\Program Files (x86)\PICC\Drivers\stdlib.h
   32     0   0  ..\Program Files (x86)\PICC\Drivers\stddef.h
  423     0   0  ..\Program Files (x86)\PICC\Drivers\string.h
   28     0   0  ..\Program Files (x86)\PICC\Drivers\ctype.h
 2229   257   8  ..\Program Files (x86)\PICC\Drivers\math.h
  112    66   2  3WireLCD.c
  329    25   1  ..\Program Files (x86)\PICC\Drivers\internal_eeprom.c
----- -----
 8791  3266 Total

Page ROM  %  RAM   Vol Diff  Functions:
---- --- --- ---   --- ----  ----------
0    246   0   11             @MULFF
0     54   0    2             @ITOF
0    350   0   14             @DIVFF
0     70   0    5             @DIV1616
0     34   0    5             @MUL1616
0    122   0   10             @FLT
0     62   0    4             @SFTOI
0     40   0    1             @delay_ms2
0    146   0    2   704  6.0  lcd_write_nibble
0    110   0    2   415  4.2  LCD_Cmd
0    104   0    3   339  5.0  LCD_GOTO
0     44   0    0             @goto12277
0     46   0    2   120  3.0  LCD_Out
0    192   0    0   597  2.3  LCD_Initialize
0    532   1    4  1432  8.8  adc_isr
0     52   0    5             @READBITA
0     68   0    6             @WRITEBITA
0     38   0    0             @goto12443
0    280   0    0  1421  7.8  timer1_isr
0     66   0    1   190  3.1  mon
0    116   0    1   223  3.2  moff
0    164   0    0   480  4.2  change
0    372   1    0   938  5.3  voltage
0    676   1    0  1068  5.3  amps
0    608   1    6   617  6.2  new_value
0    130   0    0   659  4.8  display_sequence
0     14   0    0   100  2.1  reset_sequence
0     18   0    0    82  2.8  advance_to_next_menu
0    130   0    2   353  4.5  show_menu_selection
0     38   0    2             @PSTRINGR_1109
0     14   0    0             @const1325
0     32   0    2             @PSTRINGC_1109
0     16   0    0             @const1327
0    232   0    2  1111  7.2  handle_menu_navigation
0     16   0    0             @const1328
0    656   1    2  2885  8.0  handle_phase_menu
0     16   0    0             @const1330
0     20   0    0             @const1334
0     20   0    0             @const1335
0     20   0    0             @const1336
0     20   0    0             @const1337
0     12   0    0             @const1338
0      8   0    0             @const1339
0      8   0    0             @const1340
0     18   0    0             @const1341
0     10   0    0             @const1342
0     12   0    0             @const1343
0    672   1   14  2906 12.8  handle_parameter_input
0      8   0    0             @const1349
0     40   0    3             @PSTRINGCN_1109
0      8   0    0             @const1352
0      8   0    0             @const1353
0      8   0    0             @const1354
0    254   0    9             @PRINTF_LD_1109
0    556   1    2  2275  6.9  handle_juice_menu
0     16   0    0             @const1360
0     18   0    0             @const1361
0     18   0    0             @const1362
0     18   0    0             @const1363
0     18   0    0             @const1364
0     18   0    0             @const1365
0     18   0    0             @const1366
0     18   0    0             @const1367
0     18   0    0             @const1368
0   1288   2    4  5633 11.1  handle_power_on_delay
0     16   0    0             @const1376
0     16   0    0             @const1377
0     16   0    0             @const1378
0     14   0    0             @const1379
0     14   0    0             @const1382
0     14   0    0             @const1383
0     18   0    0             @const1384
0     10   0    0             @const1385
0     12   0    0             @const1386
0   1142   2    4  5429 12.2  handle_star_delta_delay
0     16   0    0             @const1393
0     16   0    0             @const1394
0     14   0    0             @const1395
0     16   0    0             @const1398
0     14   0    0             @const1399
0     18   0    0             @const1400
0     10   0    0             @const1401
0     12   0    0             @const1402
0   3736   5   12 10539 11.0  handle_voltage_setting
0     18   0    0             @const1409
0     18   0    0             @const1417
0     18   0    0             @const1418
0     18   0    0             @const1419
0    200   0    9             @PRINTF_LU_1109
0     18   0    0             @const1428
0     18   0    0             @const1429
0     18   0    0             @const1430
0     18   0    0             @const1437
0     18   0    0             @const1438
0     18   0    0             @const1439
0     18   0    0             @const1440
0     18   0    0             @const1441
0   1292   2    4  5622 11.1  handle_dryrun_delay
0     18   0    0             @const1449
0     18   0    0             @const1450
0     18   0    0             @const1451
0     14   0    0             @const1452
0     14   0    0             @const1455
0     14   0    0             @const1456
0     18   0    0             @const1457
0     10   0    0             @const1458
0     12   0    0             @const1459
0   1292   2    4  5622 11.1  handle_dryrun_restart
0     18   0    0             @const1467
0     18   0    0             @const1468
0     18   0    0             @const1469
0     14   0    0             @const1470
0     18   0    0             @const1473
0     14   0    0             @const1474
0     18   0    0             @const1475
0     10   0    0             @const1476
0     12   0    0             @const1477
0   1184   2    4  5382 12.2  handle_dryrun_trip
0     18   0    0             @const1485
0     18   0    0             @const1486
0     16   0    0             @const1487
0     16   0    0             @const1490
0     14   0    0             @const1491
0     18   0    0             @const1492
0     10   0    0             @const1493
0     12   0    0             @const1494
0   1192   2    4  5382 12.2  handle_set_on_time
0     18   0    0             @const1502
0     18   0    0             @const1503
0     14   0    0             @const1504
0     16   0    0             @const1507
0     14   0    0             @const1508
0     18   0    0             @const1509
0     10   0    0             @const1510
0     12   0    0             @const1511
0   2338   3    5  8835 13.5  handle_cyclic_timer
0     16   0    0  8835 13.5  @const1519
0     16   0    0             @const1522
0     44   0    3             @DIV88
0    196   0    6             @PRINTF_D_1109
0     16   0    0             @const1529
0      6   0    0             @const1546
0    134   0    2             @PRINTF_U_1109
0      6   0    0             @const1555
0     44   0    0             @goto15087
0     44   0    0             @goto15120
0     18   0    0             @const1564
0     26   0    0             @const1565
0    738   1    2  3210  7.5  handle_auto_restart_mode
0     16   0    0  3210  7.5  @const1567
0     20   0    0             @const1572
0     20   0    0             @const1573
0     20   0    0             @const1574
0     20   0    0             @const1575
0     12   0    0             @const1576
0     14   0    0             @const1577
0     14   0    0             @const1578
0     18   0    0             @const1579
0     10   0    0             @const1580
0     12   0    0             @const1581
0    884   1    4  3168  8.5  handle_unbalance_trip_setting
0     20   0    0  3168  8.5  @const1585
0     14   0    0             @const1588
0     14   0    0             @const1589
0     14   0    0             @const1590
0     18   0    0             @const1591
0     10   0    0             @const1592
0     12   0    0             @const1593
0   1070   1    3  3752 10.9  handle_ct_selection_menu
0     38   0    0  3752 10.9  @const1595
0     32   0    0             @const1598
0     18   0    0             @const1607
0     18   0    0             @const1609
0     10   0    0             @const1610
0     16   0    0             @const1611
0     18   0    0             @const1612
0     10   0    0             @const1613
0     12   0    0             @const1614
0   2332   3    8  6789 10.1  handle_polarization_index_menu
0     18   0    0  6789 10.1  @const1626
0     18   0    0             @const1627
0     68   0    5             @FTOSD
0    148   0   13             @DIV3232
0    432   1   13             @PRINTF_L32D_1109FPFPF
0     14   0    0             @const1636
0     18   0    0             @const1637
0     18   0    0             @const1638
0     18   0    0             @const1639
0     18   0    0             @const1640
0     18   0    0             @const1641
0     20   0    0             @const1642
0     18   0    0             @const1643
0     18   0    0             @const1644
0     18   0    0             @const1645
0     18   0    0             @const1646
0     18   0    0             @const1647
0    190   0    0   973  4.3  handle_menu
0   6520   9    8 19964 14.7  MAIN
0     16   0    0 19964 14.7  @const1671
0     16   0    0             @const1672
0     16   0    0             @const1673
0     18   0    0             @const1674
0     16   0    0             @const1678
0     14   0    0             @const1679
0     18   0    0             @const1688
0      4   0    0             @const1689
0      4   0    0             @const1690
 Inline         0             @cinit1

Program metrics:
    Functions               41
    Statements              3266
    Comments                1205
    Volume (V)              242219
    Difficulty (D)          327.1
    Effort to implement (E) 79221350
    Time to implement (T)   1222 hours, 33 minutes
    Est Delivered Bugs (B)  61
    Cyclomatic Complexity   539
    Maintainability (MI)    95

 Segment     Used  Free
-----------  ----  ----
00000-00002     4  0  
00004-00006     0  4  
00008-000A0   154  0  
000A2-0FFFE  36180  29194  



